06:24:16 [32minfo[39m: Email sent: 250 Message received
06:26:01 [32minfo[39m: Backend server is Running
06:27:01 [32minfo[39m: Backend server is Running
03:30:36 [32minfo[39m: Backend server is Running
03:37:09 [32minfo[39m: Email sent to bstringz6@gmail.com: 250 Message received
03:43:34 [32minfo[39m: Backend server is Running
03:49:35 [32minfo[39m: Backend server is Running
03:50:54 [32minfo[39m: Backend server is Running
04:20:19 [32minfo[39m: Email sent to me@gmail.com: 250 Message received
04:28:22 [32minfo[39m: Backend server is Running
04:29:06 [32minfo[39m: Backend server is Running
04:37:09 [32minfo[39m: Backend server is Running
04:37:49 [32minfo[39m: Backend server is Running
04:44:20 [32minfo[39m: Backend server is Running
04:45:03 [32minfo[39m: Backend server is Running
04:52:45 [32minfo[39m: Backend server is Running
05:21:17 [32minfo[39m: Backend server is Running
05:22:07 [32minfo[39m: Backend server is Running
05:22:29 [32minfo[39m: Backend server is Running
05:42:16 [32minfo[39m: Backend server is Running
05:44:14 [32minfo[39m: Backend server is Running
05:47:39 [32minfo[39m: Backend server is Running
05:47:39 [31merror[39m: Error checking email:
05:48:09 [32minfo[39m: Backend server is Running
05:49:22 [32minfo[39m: Backend server is Running
05:50:17 [32minfo[39m: Backend server is Running
05:50:37 [32minfo[39m: Backend server is Running
05:50:47 [32minfo[39m: Backend server is Running
05:51:11 [32minfo[39m: Backend server is Running
05:51:19 [32minfo[39m: Backend server is Running
05:52:53 [32minfo[39m: Backend server is Running
05:54:11 [32minfo[39m: Backend server is Running
05:55:32 [32minfo[39m: Backend server is Running
05:56:07 [32minfo[39m: Backend server is Running
06:09:50 [32minfo[39m: Backend server is Running
06:14:54 [32minfo[39m: Backend server is Running
06:16:14 [32minfo[39m: Backend server is Running
06:17:03 [32minfo[39m: Backend server is Running
06:18:02 [32minfo[39m: Backend server is Running
06:18:41 [32minfo[39m: Email sent to ght@gmail.com: 250 Message received
06:19:56 [32minfo[39m: Backend server is Running
06:20:26 [32minfo[39m: Backend server is Running
06:21:42 [32minfo[39m: Backend server is Running
06:22:29 [32minfo[39m: Backend server is Running
06:23:23 [32minfo[39m: Backend server is Running
06:24:27 [32minfo[39m: Backend server is Running
06:24:55 [32minfo[39m: Backend server is Running
06:27:55 [32minfo[39m: Backend server is Running
06:38:28 [32minfo[39m: Backend server is Running
06:41:23 [32minfo[39m: Backend server is Running
14:06:05 [32minfo[39m: Backend server is Running
14:21:38 [32minfo[39m: Backend server is Running
